<?xml version="1.0" encoding="UTF-8"?>
<!-- Generated by org.testng.reporters.JUnitReportReporter -->
<testsuite skipped="0" hostname="BDC7-L-8Q1VFC2" name="GeneralStore.com.generalstore.EcommerceTest1" tests="1" failures="0" timestamp="2021-05-14T22:12:43 IST" time="55.031" errors="0">
  <testcase name="ecommerceTest1" time="55.031" classname="GeneralStore.com.generalstore.EcommerceTest1"/>
  <system-out/>
</testsuite> <!-- GeneralStore.com.generalstore.EcommerceTest1 -->
